2024-08-13 12:35:03 [main] INFO  o.s.t.c.s.AnnotationConfigContextLoaderUtils - Could not detect default configuration classes for test class [com.example.user.UserApplicationTests]: UserApplicationTests does not declare any static, non-private, non-final, nested classes annotated with @Configuration.
2024-08-13 12:35:03 [main] INFO  o.s.b.t.c.SpringBootTestContextBootstrapper - Found @SpringBootConfiguration com.example.user.UserApplication for test class com.example.user.UserApplicationTests
2024-08-13 12:35:03 [main] INFO  c.example.user.UserApplicationTests - Starting UserApplicationTests using Java 22.0.2 with PID 19784 (started by praveenkumars in D:\springboot\user\user)
2024-08-13 12:35:03 [main] INFO  c.example.user.UserApplicationTests - No active profile set, falling back to 1 default profile: "default"
2024-08-13 12:35:04 [main] INFO  o.s.d.r.c.RepositoryConfigurationDelegate - Bootstrapping Spring Data JPA repositories in DEFAULT mode.
2024-08-13 12:35:04 [main] INFO  o.s.d.r.c.RepositoryConfigurationDelegate - Finished Spring Data repository scanning in 47 ms. Found 1 JPA repository interface.
2024-08-13 12:35:05 [main] INFO  o.h.jpa.internal.util.LogHelper - HHH000204: Processing PersistenceUnitInfo [name: default]
2024-08-13 12:35:05 [main] INFO  org.hibernate.Version - HHH000412: Hibernate ORM core version 6.5.2.Final
2024-08-13 12:35:05 [main] INFO  o.h.c.i.RegionFactoryInitiator - HHH000026: Second-level cache disabled
2024-08-13 12:35:05 [main] INFO  o.s.o.j.p.SpringPersistenceUnitInfo - No LoadTimeWeaver setup: ignoring JPA class transformer
2024-08-13 12:35:05 [main] INFO  com.zaxxer.hikari.HikariDataSource - HikariPool-1 - Starting...
2024-08-13 12:35:06 [main] INFO  com.zaxxer.hikari.pool.HikariPool - HikariPool-1 - Added connection org.postgresql.jdbc.PgConnection@12f9f896
2024-08-13 12:35:06 [main] INFO  com.zaxxer.hikari.HikariDataSource - HikariPool-1 - Start completed.
2024-08-13 12:35:07 [main] INFO  o.h.e.t.j.p.i.JtaPlatformInitiator - HHH000489: No JTA platform available (set 'hibernate.transaction.jta.platform' to enable JTA platform integration)
2024-08-13 12:35:07 [main] INFO  o.s.o.j.LocalContainerEntityManagerFactoryBean - Initialized JPA EntityManagerFactory for persistence unit 'default'
2024-08-13 12:35:07 [main] WARN  o.s.b.a.o.j.JpaBaseConfiguration$JpaWebConfiguration - spring.jpa.open-in-view is enabled by default. Therefore, database queries may be performed during view rendering. Explicitly configure spring.jpa.open-in-view to disable this warning
2024-08-13 12:35:08 [main] INFO  c.example.user.UserApplicationTests - Started UserApplicationTests in 4.825 seconds (process running for 6.249)
2024-08-13 12:35:09 [SpringApplicationShutdownHook] INFO  o.s.o.j.LocalContainerEntityManagerFactoryBean - Closing JPA EntityManagerFactory for persistence unit 'default'
2024-08-13 12:35:09 [SpringApplicationShutdownHook] INFO  com.zaxxer.hikari.HikariDataSource - HikariPool-1 - Shutdown initiated...
2024-08-13 12:35:09 [SpringApplicationShutdownHook] INFO  com.zaxxer.hikari.HikariDataSource - HikariPool-1 - Shutdown completed.
2024-08-13 12:41:11 [main] INFO  o.s.t.c.s.AnnotationConfigContextLoaderUtils - Could not detect default configuration classes for test class [com.example.user.UserApplicationTests]: UserApplicationTests does not declare any static, non-private, non-final, nested classes annotated with @Configuration.
2024-08-13 12:41:11 [main] INFO  o.s.b.t.c.SpringBootTestContextBootstrapper - Found @SpringBootConfiguration com.example.user.UserApplication for test class com.example.user.UserApplicationTests
2024-08-13 12:41:12 [main] INFO  c.example.user.UserApplicationTests - Starting UserApplicationTests using Java 22.0.2 with PID 7480 (started by praveenkumars in D:\springboot\user\user)
2024-08-13 12:41:12 [main] INFO  c.example.user.UserApplicationTests - No active profile set, falling back to 1 default profile: "default"
2024-08-13 12:41:13 [main] INFO  o.s.d.r.c.RepositoryConfigurationDelegate - Bootstrapping Spring Data JPA repositories in DEFAULT mode.
2024-08-13 12:41:13 [main] INFO  o.s.d.r.c.RepositoryConfigurationDelegate - Finished Spring Data repository scanning in 52 ms. Found 1 JPA repository interface.
2024-08-13 12:41:13 [main] INFO  o.h.jpa.internal.util.LogHelper - HHH000204: Processing PersistenceUnitInfo [name: default]
2024-08-13 12:41:13 [main] INFO  org.hibernate.Version - HHH000412: Hibernate ORM core version 6.5.2.Final
2024-08-13 12:41:13 [main] INFO  o.h.c.i.RegionFactoryInitiator - HHH000026: Second-level cache disabled
2024-08-13 12:41:14 [main] INFO  o.s.o.j.p.SpringPersistenceUnitInfo - No LoadTimeWeaver setup: ignoring JPA class transformer
2024-08-13 12:41:14 [main] INFO  com.zaxxer.hikari.HikariDataSource - HikariPool-1 - Starting...
2024-08-13 12:41:14 [main] INFO  com.zaxxer.hikari.pool.HikariPool - HikariPool-1 - Added connection org.postgresql.jdbc.PgConnection@5df92089
2024-08-13 12:41:14 [main] INFO  com.zaxxer.hikari.HikariDataSource - HikariPool-1 - Start completed.
2024-08-13 12:41:15 [main] INFO  o.h.e.t.j.p.i.JtaPlatformInitiator - HHH000489: No JTA platform available (set 'hibernate.transaction.jta.platform' to enable JTA platform integration)
2024-08-13 12:41:15 [main] INFO  o.s.o.j.LocalContainerEntityManagerFactoryBean - Initialized JPA EntityManagerFactory for persistence unit 'default'
2024-08-13 12:41:16 [main] WARN  o.s.b.a.o.j.JpaBaseConfiguration$JpaWebConfiguration - spring.jpa.open-in-view is enabled by default. Therefore, database queries may be performed during view rendering. Explicitly configure spring.jpa.open-in-view to disable this warning
2024-08-13 12:41:16 [main] INFO  c.example.user.UserApplicationTests - Started UserApplicationTests in 4.748 seconds (process running for 6.137)
2024-08-13 12:41:17 [SpringApplicationShutdownHook] INFO  o.s.o.j.LocalContainerEntityManagerFactoryBean - Closing JPA EntityManagerFactory for persistence unit 'default'
2024-08-13 12:41:17 [SpringApplicationShutdownHook] INFO  com.zaxxer.hikari.HikariDataSource - HikariPool-1 - Shutdown initiated...
2024-08-13 12:41:17 [SpringApplicationShutdownHook] INFO  com.zaxxer.hikari.HikariDataSource - HikariPool-1 - Shutdown completed.
2024-08-13 13:09:35 [main] INFO  o.s.t.c.s.AnnotationConfigContextLoaderUtils - Could not detect default configuration classes for test class [com.example.user.UserApplicationTests]: UserApplicationTests does not declare any static, non-private, non-final, nested classes annotated with @Configuration.
2024-08-13 13:09:35 [main] INFO  o.s.b.t.c.SpringBootTestContextBootstrapper - Found @SpringBootConfiguration com.example.user.UserApplication for test class com.example.user.UserApplicationTests
2024-08-13 13:09:36 [main] INFO  c.example.user.UserApplicationTests - Starting UserApplicationTests using Java 22.0.2 with PID 5040 (started by praveenkumars in D:\springboot\user\user)
2024-08-13 13:09:36 [main] INFO  c.example.user.UserApplicationTests - No active profile set, falling back to 1 default profile: "default"
2024-08-13 13:09:38 [main] INFO  o.s.d.r.c.RepositoryConfigurationDelegate - Bootstrapping Spring Data JPA repositories in DEFAULT mode.
2024-08-13 13:09:38 [main] INFO  o.s.d.r.c.RepositoryConfigurationDelegate - Finished Spring Data repository scanning in 139 ms. Found 1 JPA repository interface.
2024-08-13 13:09:40 [main] INFO  o.h.jpa.internal.util.LogHelper - HHH000204: Processing PersistenceUnitInfo [name: default]
2024-08-13 13:09:40 [main] INFO  org.hibernate.Version - HHH000412: Hibernate ORM core version 6.5.2.Final
2024-08-13 13:09:40 [main] INFO  o.h.c.i.RegionFactoryInitiator - HHH000026: Second-level cache disabled
2024-08-13 13:09:41 [main] INFO  o.s.o.j.p.SpringPersistenceUnitInfo - No LoadTimeWeaver setup: ignoring JPA class transformer
2024-08-13 13:09:41 [main] INFO  com.zaxxer.hikari.HikariDataSource - HikariPool-1 - Starting...
2024-08-13 13:09:41 [main] INFO  com.zaxxer.hikari.pool.HikariPool - HikariPool-1 - Added connection org.postgresql.jdbc.PgConnection@e972ee1
2024-08-13 13:09:41 [main] INFO  com.zaxxer.hikari.HikariDataSource - HikariPool-1 - Start completed.
2024-08-13 13:09:43 [main] INFO  o.h.e.t.j.p.i.JtaPlatformInitiator - HHH000489: No JTA platform available (set 'hibernate.transaction.jta.platform' to enable JTA platform integration)
2024-08-13 13:09:43 [main] INFO  o.s.o.j.LocalContainerEntityManagerFactoryBean - Initialized JPA EntityManagerFactory for persistence unit 'default'
2024-08-13 13:09:44 [main] WARN  o.s.b.a.o.j.JpaBaseConfiguration$JpaWebConfiguration - spring.jpa.open-in-view is enabled by default. Therefore, database queries may be performed during view rendering. Explicitly configure spring.jpa.open-in-view to disable this warning
2024-08-13 13:09:45 [main] INFO  c.example.user.UserApplicationTests - Started UserApplicationTests in 10.131 seconds (process running for 12.617)
2024-08-13 13:09:47 [SpringApplicationShutdownHook] INFO  o.s.o.j.LocalContainerEntityManagerFactoryBean - Closing JPA EntityManagerFactory for persistence unit 'default'
2024-08-13 13:09:47 [SpringApplicationShutdownHook] INFO  com.zaxxer.hikari.HikariDataSource - HikariPool-1 - Shutdown initiated...
2024-08-13 13:09:47 [SpringApplicationShutdownHook] INFO  com.zaxxer.hikari.HikariDataSource - HikariPool-1 - Shutdown completed.
2024-08-28 09:47:27 [main] INFO  com.example.user.UserApplication - Starting UserApplication using Java 22.0.2 with PID 16000 (D:\IntelliJ_workspace\user\user\target\classes started by praveenkumars in D:\IntelliJ_workspace\user\user)
2024-08-28 09:47:27 [main] INFO  com.example.user.UserApplication - No active profile set, falling back to 1 default profile: "default"
2024-08-28 09:47:29 [main] INFO  o.s.d.r.c.RepositoryConfigurationDelegate - Bootstrapping Spring Data JPA repositories in DEFAULT mode.
2024-08-28 09:47:29 [main] INFO  o.s.d.r.c.RepositoryConfigurationDelegate - Finished Spring Data repository scanning in 172 ms. Found 1 JPA repository interface.
2024-08-28 09:47:31 [main] INFO  o.s.b.w.e.tomcat.TomcatWebServer - Tomcat initialized with port 8080 (http)
2024-08-28 09:47:31 [main] INFO  o.a.coyote.http11.Http11NioProtocol - Initializing ProtocolHandler ["http-nio-8080"]
2024-08-28 09:47:31 [main] INFO  o.a.catalina.core.StandardService - Starting service [Tomcat]
2024-08-28 09:47:31 [main] INFO  o.a.catalina.core.StandardEngine - Starting Servlet engine: [Apache Tomcat/10.1.26]
2024-08-28 09:47:31 [main] INFO  o.a.c.c.C.[Tomcat].[localhost].[/] - Initializing Spring embedded WebApplicationContext
2024-08-28 09:47:31 [main] INFO  o.s.b.w.s.c.ServletWebServerApplicationContext - Root WebApplicationContext: initialization completed in 4337 ms
2024-08-28 09:47:32 [main] INFO  o.h.jpa.internal.util.LogHelper - HHH000204: Processing PersistenceUnitInfo [name: default]
2024-08-28 09:47:32 [main] INFO  org.hibernate.Version - HHH000412: Hibernate ORM core version 6.5.2.Final
2024-08-28 09:47:32 [main] INFO  o.h.c.i.RegionFactoryInitiator - HHH000026: Second-level cache disabled
2024-08-28 09:47:33 [main] INFO  o.s.o.j.p.SpringPersistenceUnitInfo - No LoadTimeWeaver setup: ignoring JPA class transformer
2024-08-28 09:47:33 [main] INFO  com.zaxxer.hikari.HikariDataSource - HikariPool-1 - Starting...
2024-08-28 09:47:34 [main] INFO  com.zaxxer.hikari.pool.HikariPool - HikariPool-1 - Added connection org.postgresql.jdbc.PgConnection@30517a57
2024-08-28 09:47:34 [main] INFO  com.zaxxer.hikari.HikariDataSource - HikariPool-1 - Start completed.
2024-08-28 09:47:36 [main] INFO  o.h.e.t.j.p.i.JtaPlatformInitiator - HHH000489: No JTA platform available (set 'hibernate.transaction.jta.platform' to enable JTA platform integration)
2024-08-28 09:47:36 [main] INFO  o.s.o.j.LocalContainerEntityManagerFactoryBean - Initialized JPA EntityManagerFactory for persistence unit 'default'
2024-08-28 09:47:36 [main] INFO  o.s.d.j.r.query.QueryEnhancerFactory - Hibernate is in classpath; If applicable, HQL parser will be used.
2024-08-28 09:47:36 [main] WARN  o.s.b.a.o.j.JpaBaseConfiguration$JpaWebConfiguration - spring.jpa.open-in-view is enabled by default. Therefore, database queries may be performed during view rendering. Explicitly configure spring.jpa.open-in-view to disable this warning
2024-08-28 09:47:37 [main] INFO  o.a.coyote.http11.Http11NioProtocol - Starting ProtocolHandler ["http-nio-8080"]
2024-08-28 09:47:37 [main] INFO  o.s.b.w.e.tomcat.TomcatWebServer - Tomcat started on port 8080 (http) with context path '/'
2024-08-28 09:47:37 [main] INFO  com.example.user.UserApplication - Started UserApplication in 11.814 seconds (process running for 13.676)
2024-08-28 09:48:07 [http-nio-8080-exec-2] INFO  o.a.c.c.C.[Tomcat].[localhost].[/] - Initializing Spring DispatcherServlet 'dispatcherServlet'
2024-08-28 09:48:07 [http-nio-8080-exec-2] INFO  o.s.web.servlet.DispatcherServlet - Initializing Servlet 'dispatcherServlet'
2024-08-28 09:48:07 [http-nio-8080-exec-2] INFO  o.s.web.servlet.DispatcherServlet - Completed initialization in 3 ms
2024-08-28 09:48:07 [http-nio-8080-exec-2] INFO  c.e.user.service.UserServiceImpl - saving user method started
2024-08-28 09:48:07 [http-nio-8080-exec-2] INFO  c.e.user.service.UserServiceImpl - email exists method started
2024-08-28 09:48:07 [http-nio-8080-exec-2] INFO  c.e.user.service.UserServiceImpl - Email exists method is completed
2024-08-28 09:48:08 [http-nio-8080-exec-2] INFO  c.e.user.service.UserServiceImpl - saved user successfully
2024-08-28 09:48:08 [http-nio-8080-exec-2] INFO  c.e.user.service.UserServiceImpl - Save user operation completed
2024-08-28 09:48:55 [http-nio-8080-exec-3] INFO  c.e.user.service.UserServiceImpl - saving user method started
2024-08-28 09:48:55 [http-nio-8080-exec-3] INFO  c.e.user.service.UserServiceImpl - email exists method started
2024-08-28 09:48:55 [http-nio-8080-exec-3] INFO  c.e.user.service.UserServiceImpl - Email exists method is completed
2024-08-28 09:48:55 [http-nio-8080-exec-3] WARN  c.e.user.service.UserServiceImpl - Email already exists naveen01@gmail.com
2024-08-28 09:48:55 [http-nio-8080-exec-3] ERROR c.e.user.service.UserServiceImpl - EmailIdExistsException occurred while saving user
2024-08-28 09:48:55 [http-nio-8080-exec-3] INFO  c.e.user.service.UserServiceImpl - Save user operation completed
2024-08-28 09:52:50 [http-nio-8080-exec-5] INFO  c.e.user.service.UserServiceImpl - Searching for user by ID card number
2024-08-28 09:52:50 [http-nio-8080-exec-5] INFO  c.e.user.service.UserServiceImpl - User found for respective  ID card number
2024-08-28 09:52:50 [http-nio-8080-exec-5] INFO  c.e.user.service.UserServiceImpl - Find user by ID card number operation completed for: 7878
2024-08-28 09:55:14 [http-nio-8080-exec-8] INFO  c.e.user.service.UserServiceImpl - find by date method started
2024-08-28 09:55:14 [http-nio-8080-exec-8] ERROR c.e.user.service.UserServiceImpl - No user data for the given date range
2024-08-28 09:55:14 [http-nio-8080-exec-8] INFO  c.e.user.service.UserServiceImpl - find by method completed
2024-08-28 09:56:26 [http-nio-8080-exec-1] INFO  c.e.user.service.UserServiceImpl - find by date method started
2024-08-28 09:56:26 [http-nio-8080-exec-1] INFO  c.e.user.service.UserServiceImpl - find by method completed
2024-08-28 09:59:55 [http-nio-8080-exec-4] INFO  c.e.user.service.UserServiceImpl - user name without duplicate method started
2024-08-28 09:59:55 [http-nio-8080-exec-4] INFO  c.e.user.service.UserServiceImpl - fetched data by using username without duplicate
2024-08-28 09:59:55 [http-nio-8080-exec-4] INFO  c.e.user.service.UserServiceImpl - user name without duplicate method completed
2024-08-28 10:02:43 [http-nio-8080-exec-7] INFO  c.e.user.service.UserServiceImpl - saving user method started
2024-08-28 10:02:43 [http-nio-8080-exec-7] INFO  c.e.user.service.UserServiceImpl - email exists method started
2024-08-28 10:02:43 [http-nio-8080-exec-7] INFO  c.e.user.service.UserServiceImpl - Email exists method is completed
2024-08-28 10:02:43 [http-nio-8080-exec-7] WARN  o.h.e.jdbc.spi.SqlExceptionHelper - SQL Error: 0, SQLState: 23505
2024-08-28 10:02:43 [http-nio-8080-exec-7] ERROR o.h.e.jdbc.spi.SqlExceptionHelper - ERROR: duplicate key value violates unique constraint "uk5m8j1n276bux7gb1dydw9re2"
  Detail: Key (id_card_number)=(7878) already exists.
2024-08-28 10:02:43 [http-nio-8080-exec-7] ERROR c.e.user.service.UserServiceImpl - Error occurred while saving user
2024-08-28 10:02:43 [http-nio-8080-exec-7] INFO  c.e.user.service.UserServiceImpl - Save user operation completed
2024-08-28 10:03:20 [http-nio-8080-exec-9] INFO  c.e.user.service.UserServiceImpl - saving user method started
2024-08-28 10:03:20 [http-nio-8080-exec-9] INFO  c.e.user.service.UserServiceImpl - email exists method started
2024-08-28 10:03:20 [http-nio-8080-exec-9] INFO  c.e.user.service.UserServiceImpl - Email exists method is completed
2024-08-28 10:03:20 [http-nio-8080-exec-9] INFO  c.e.user.service.UserServiceImpl - saved user successfully
2024-08-28 10:03:20 [http-nio-8080-exec-9] INFO  c.e.user.service.UserServiceImpl - Save user operation completed
2024-08-28 10:17:58 [http-nio-8080-exec-2] INFO  c.e.user.service.UserServiceImpl - saving user method started
2024-08-28 10:17:58 [http-nio-8080-exec-2] INFO  c.e.user.service.UserServiceImpl - email exists method started
2024-08-28 10:17:58 [http-nio-8080-exec-2] INFO  c.e.user.service.UserServiceImpl - Email exists method is completed
2024-08-28 10:17:58 [http-nio-8080-exec-2] WARN  o.h.e.jdbc.spi.SqlExceptionHelper - SQL Error: 0, SQLState: 23505
2024-08-28 10:17:58 [http-nio-8080-exec-2] ERROR o.h.e.jdbc.spi.SqlExceptionHelper - ERROR: duplicate key value violates unique constraint "uk5m8j1n276bux7gb1dydw9re2"
  Detail: Key (id_card_number)=(1234) already exists.
2024-08-28 10:17:58 [http-nio-8080-exec-2] ERROR c.e.user.service.UserServiceImpl - Error occurred while saving user
2024-08-28 10:17:58 [http-nio-8080-exec-2] INFO  c.e.user.service.UserServiceImpl - Save user operation completed
2024-08-28 10:18:25 [http-nio-8080-exec-4] INFO  c.e.user.service.UserServiceImpl - saving user method started
2024-08-28 10:18:25 [http-nio-8080-exec-4] INFO  c.e.user.service.UserServiceImpl - email exists method started
2024-08-28 10:18:25 [http-nio-8080-exec-4] INFO  c.e.user.service.UserServiceImpl - Email exists method is completed
2024-08-28 10:18:25 [http-nio-8080-exec-4] INFO  c.e.user.service.UserServiceImpl - saved user successfully
2024-08-28 10:18:25 [http-nio-8080-exec-4] INFO  c.e.user.service.UserServiceImpl - Save user operation completed
2024-08-28 10:18:35 [SpringApplicationShutdownHook] INFO  o.s.o.j.LocalContainerEntityManagerFactoryBean - Closing JPA EntityManagerFactory for persistence unit 'default'
2024-08-28 10:18:35 [SpringApplicationShutdownHook] INFO  com.zaxxer.hikari.HikariDataSource - HikariPool-1 - Shutdown initiated...
2024-08-28 10:18:35 [SpringApplicationShutdownHook] INFO  com.zaxxer.hikari.HikariDataSource - HikariPool-1 - Shutdown completed.
